<?xml version="1.0" encoding="UTF-8"?>
<testsuite xmlns:xsi="http://www.w3.org/2001/XMLSchema-instance" xsi:noNamespaceSchemaLocation="https://maven.apache.org/surefire/maven-surefire-plugin/xsd/surefire-test-report-3.0.xsd" version="3.0" name="org.acme.GreetingResourceTest" time="84.471" tests="1" errors="0" skipped="0" failures="1">
  <properties>
[...]
</properties>
  <testcase name="testHelloEndpoint" classname="org.acme.GreetingResourceTest" time="0.861">
    <failure message="1 expectation failed.&#10;Expected status code &lt;200&gt; but was &lt;404&gt;.&#10;" type="java.lang.AssertionError"><![CDATA[java.lang.AssertionError: 
1 expectation failed.
Expected status code <200> but was <404>.

	at java.base/jdk.internal.reflect.DirectConstructorHandleAccessor.newInstance(DirectConstructorHandleAccessor.java:62)
	at java.base/java.lang.reflect.Constructor.newInstanceWithCaller(Constructor.java:502)
	at java.base/java.lang.reflect.Constructor.newInstance(Constructor.java:486)
	at org.codehaus.groovy.reflection.CachedConstructor.invoke(CachedConstructor.java:73)
	at org.codehaus.groovy.runtime.callsite.ConstructorSite$ConstructorSiteNoUnwrapNoCoerce.callConstructor(ConstructorSite.java:108)
	at org.codehaus.groovy.runtime.callsite.CallSiteArray.defaultCallConstructor(CallSiteArray.java:57)
	at org.codehaus.groovy.runtime.callsite.AbstractCallSite.callConstructor(AbstractCallSite.java:263)
	at org.codehaus.groovy.runtime.callsite.AbstractCallSite.callConstructor(AbstractCallSite.java:277)
	at io.restassured.internal.ResponseSpecificationImpl$HamcrestAssertionClosure.validate(ResponseSpecificationImpl.groovy:512)
	at io.restassured.internal.ResponseSpecificationImpl$HamcrestAssertionClosure$validate$1.call(Unknown Source)
	at org.codehaus.groovy.runtime.callsite.CallSiteArray.defaultCall(CallSiteArray.java:45)
	at org.codehaus.groovy.runtime.callsite.AbstractCallSite.call(AbstractCallSite.java:125)
	at org.codehaus.groovy.runtime.callsite.AbstractCallSite.call(AbstractCallSite.java:139)
	at io.restassured.internal.ResponseSpecificationImpl.validateResponseIfRequired(ResponseSpecificationImpl.groovy:696)
	at io.restassured.internal.ResponseSpecificationImpl.this$2$validateResponseIfRequired(ResponseSpecificationImpl.groovy)
	at java.base/jdk.internal.reflect.DirectMethodHandleAccessor.invoke(DirectMethodHandleAccessor.java:103)
	at java.base/java.lang.reflect.Method.invoke(Method.java:580)
	at org.codehaus.groovy.runtime.callsite.PlainObjectMetaMethodSite.doInvoke(PlainObjectMetaMethodSite.java:43)
	at org.codehaus.groovy.runtime.callsite.PogoMetaMethodSite$PogoCachedMethodSiteNoUnwrapNoCoerce.invoke(PogoMetaMethodSite.java:198)
	at org.codehaus.groovy.runtime.callsite.PogoMetaMethodSite.callCurrent(PogoMetaMethodSite.java:62)
	at org.codehaus.groovy.runtime.callsite.CallSiteArray.defaultCallCurrent(CallSiteArray.java:49)
	at org.codehaus.groovy.runtime.callsite.AbstractCallSite.callCurrent(AbstractCallSite.java:171)
	at org.codehaus.groovy.runtime.callsite.AbstractCallSite.callCurrent(AbstractCallSite.java:185)
	at io.restassured.internal.ResponseSpecificationImpl.statusCode(ResponseSpecificationImpl.groovy:135)
	at io.restassured.specification.ResponseSpecification$statusCode$0.callCurrent(Unknown Source)
	at org.codehaus.groovy.runtime.callsite.CallSiteArray.defaultCallCurrent(CallSiteArray.java:49)
	at org.codehaus.groovy.runtime.callsite.AbstractCallSite.callCurrent(AbstractCallSite.java:171)
	at org.codehaus.groovy.runtime.callsite.AbstractCallSite.callCurrent(AbstractCallSite.java:185)
	at io.restassured.internal.ResponseSpecificationImpl.statusCode(ResponseSpecificationImpl.groovy:143)
	at io.restassured.internal.ValidatableResponseOptionsImpl.statusCode(ValidatableResponseOptionsImpl.java:89)
	at org.acme.GreetingResourceTest.testHelloEndpoint(GreetingResourceTest.java:16)
	at java.base/java.lang.reflect.Method.invoke(Method.java:580)
	at io.quarkus.test.junit.QuarkusTestExtension.runExtensionMethod(QuarkusTestExtension.java:1018)
	at io.quarkus.test.junit.QuarkusTestExtension.interceptTestMethod(QuarkusTestExtension.java:832)
	at java.base/java.util.ArrayList.forEach(ArrayList.java:1596)
	at java.base/java.util.ArrayList.forEach(ArrayList.java:1596)
]]></failure>
    <system-out><![CDATA[2024-05-13 19:59:39,066 INFO  [org.tes.doc.DockerClientProviderStrategy] (build-31) Found Docker environment with local Unix socket (unix:///var/run/docker.sock)
2024-05-13 19:59:39,071 INFO  [org.tes.DockerClientFactory] (build-31) Docker host IP address is localhost
2024-05-13 19:59:39,100 INFO  [org.tes.DockerClientFactory] (build-31) Connected to docker: 
  Server Version: 26.1.2
  API Version: 1.45
  Operating System: Ubuntu 22.04.3 LTS
  Total Memory: 7808 MB
2024-05-13 19:59:39,112 INFO  [org.tes.ima.PullPolicy] (build-31) Image pull policy will be performed by: DefaultPullPolicy()
2024-05-13 19:59:39,113 INFO  [org.tes.uti.ImageNameSubstitutor] (build-31) Image name substitution will be performed by: DefaultImageNameSubstitutor (composite of 'ConfigurationFileImageNameSubstitutor' and 'PrefixingImageNameSubstitutor')
2024-05-13 19:59:39,118 INFO  [org.tes.DockerClientFactory] (build-31) Checking the system...
2024-05-13 19:59:39,119 INFO  [org.tes.DockerClientFactory] (build-31) ✔︎ Docker server version should be at least 1.6.0
2024-05-13 19:59:39,153 INFO  [tc.doc.io/postgres:14] (build-31) Pulling docker image: docker.io/postgres:14. Please be patient; this may take some time but only needs to be done once.
2024-05-13 19:59:39,160 INFO  [org.tes.uti.RegistryAuthLocator] (build-31) Failure when attempting to lookup auth config. Please ignore if you don't have images in an authenticated registry. Details: (dockerImageName: docker.io/postgres:latest, configFile: /root/.docker/config.json, configEnv: DOCKER_AUTH_CONFIG). Falling back to docker-java default behaviour. Exception message: Status 404: No config supplied. Checked in order: /root/.docker/config.json (file not found), DOCKER_AUTH_CONFIG (not set)
2024-05-13 19:59:50,113 INFO  [tc.doc.io/postgres:14] (docker-java-stream--933788147) Starting to pull image
2024-05-13 19:59:50,138 INFO  [tc.doc.io/postgres:14] (docker-java-stream--933788147) Pulling image layers:  0 pending,  0 downloaded,  0 extracted, (0 bytes/0 bytes)
2024-05-13 20:00:03,259 INFO  [tc.doc.io/postgres:14] (docker-java-stream--933788147) Pulling image layers: 13 pending,  1 downloaded,  0 extracted, (1 KB/? MB)
2024-05-13 20:00:05,033 INFO  [tc.doc.io/postgres:14] (docker-java-stream--933788147) Pulling image layers: 12 pending,  2 downloaded,  0 extracted, (26 MB/? MB)
2024-05-13 20:00:06,130 INFO  [tc.doc.io/postgres:14] (docker-java-stream--933788147) Pulling image layers: 12 pending,  2 downloaded,  1 extracted, (27 MB/? MB)
2024-05-13 20:00:06,172 INFO  [tc.doc.io/postgres:14] (docker-java-stream--933788147) Pulling image layers: 12 pending,  2 downloaded,  2 extracted, (27 MB/? MB)
2024-05-13 20:00:07,360 INFO  [tc.doc.io/postgres:14] (docker-java-stream--933788147) Pulling image layers: 11 pending,  3 downloaded,  2 extracted, (31 MB/? MB)
2024-05-13 20:00:07,476 INFO  [tc.doc.io/postgres:14] (docker-java-stream--933788147) Pulling image layers: 11 pending,  3 downloaded,  3 extracted, (32 MB/? MB)
2024-05-13 20:00:08,077 INFO  [tc.doc.io/postgres:14] (docker-java-stream--933788147) Pulling image layers: 10 pending,  4 downloaded,  3 extracted, (33 MB/? MB)
2024-05-13 20:00:08,647 INFO  [tc.doc.io/postgres:14] (docker-java-stream--933788147) Pulling image layers:  9 pending,  5 downloaded,  3 extracted, (33 MB/? MB)
2024-05-13 20:00:12,592 INFO  [tc.doc.io/postgres:14] (docker-java-stream--933788147) Pulling image layers:  8 pending,  6 downloaded,  3 extracted, (46 MB/? MB)
2024-05-13 20:00:15,228 INFO  [tc.doc.io/postgres:14] (docker-java-stream--933788147) Pulling image layers:  7 pending,  7 downloaded,  3 extracted, (46 MB/? MB)
2024-05-13 20:00:15,820 INFO  [tc.doc.io/postgres:14] (docker-java-stream--933788147) Pulling image layers:  6 pending,  8 downloaded,  3 extracted, (46 MB/? MB)
2024-05-13 20:00:17,937 INFO  [tc.doc.io/postgres:14] (docker-java-stream--933788147) Pulling image layers:  5 pending,  9 downloaded,  3 extracted, (47 MB/? MB)
2024-05-13 20:00:17,985 INFO  [tc.doc.io/postgres:14] (docker-java-stream--933788147) Pulling image layers:  5 pending,  9 downloaded,  4 extracted, (47 MB/? MB)
2024-05-13 20:00:18,375 INFO  [tc.doc.io/postgres:14] (docker-java-stream--933788147) Pulling image layers:  5 pending,  9 downloaded,  5 extracted, (47 MB/? MB)
2024-05-13 20:00:18,441 INFO  [tc.doc.io/postgres:14] (docker-java-stream--933788147) Pulling image layers:  5 pending,  9 downloaded,  6 extracted, (47 MB/? MB)
2024-05-13 20:00:18,465 INFO  [tc.doc.io/postgres:14] (docker-java-stream--933788147) Pulling image layers:  5 pending,  9 downloaded,  7 extracted, (47 MB/? MB)
2024-05-13 20:00:18,492 INFO  [tc.doc.io/postgres:14] (docker-java-stream--933788147) Pulling image layers:  5 pending,  9 downloaded,  8 extracted, (47 MB/? MB)
2024-05-13 20:00:19,562 INFO  [tc.doc.io/postgres:14] (docker-java-stream--933788147) Pulling image layers:  4 pending, 10 downloaded,  8 extracted, (50 MB/? MB)
2024-05-13 20:00:22,431 INFO  [tc.doc.io/postgres:14] (docker-java-stream--933788147) Pulling image layers:  3 pending, 11 downloaded,  8 extracted, (97 MB/? MB)
2024-05-13 20:00:24,916 INFO  [tc.doc.io/postgres:14] (docker-java-stream--933788147) Pulling image layers:  2 pending, 12 downloaded,  8 extracted, (146 MB/? MB)
2024-05-13 20:00:26,146 INFO  [tc.doc.io/postgres:14] (docker-java-stream--933788147) Pulling image layers:  1 pending, 13 downloaded,  8 extracted, (146 MB/? MB)
2024-05-13 20:00:27,139 INFO  [tc.doc.io/postgres:14] (docker-java-stream--933788147) Pulling image layers:  1 pending, 13 downloaded,  9 extracted, (148 MB/? MB)
2024-05-13 20:00:27,166 INFO  [tc.doc.io/postgres:14] (docker-java-stream--933788147) Pulling image layers:  1 pending, 13 downloaded, 10 extracted, (148 MB/? MB)
2024-05-13 20:00:27,191 INFO  [tc.doc.io/postgres:14] (docker-java-stream--933788147) Pulling image layers:  1 pending, 13 downloaded, 11 extracted, (148 MB/? MB)
2024-05-13 20:00:27,216 INFO  [tc.doc.io/postgres:14] (docker-java-stream--933788147) Pulling image layers:  1 pending, 13 downloaded, 12 extracted, (148 MB/? MB)
2024-05-13 20:00:27,243 INFO  [tc.doc.io/postgres:14] (docker-java-stream--933788147) Pulling image layers:  1 pending, 13 downloaded, 13 extracted, (148 MB/? MB)
2024-05-13 20:00:28,980 INFO  [tc.doc.io/postgres:14] (docker-java-stream--933788147) Pulling image layers:  0 pending, 14 downloaded, 13 extracted, (148 MB/148 MB)
2024-05-13 20:00:29,007 INFO  [tc.doc.io/postgres:14] (docker-java-stream--933788147) Pulling image layers:  0 pending, 14 downloaded, 14 extracted, (148 MB/148 MB)
2024-05-13 20:00:29,030 INFO  [tc.doc.io/postgres:14] (docker-java-stream--933788147) Pull complete. 14 layers, pulled in 38s (downloaded 148 MB at 3 MB/s)
2024-05-13 20:00:29,030 INFO  [tc.doc.io/postgres:14] (build-31) Image docker.io/postgres:14 pull took PT49.876567327S
2024-05-13 20:00:29,050 INFO  [tc.doc.io/postgres:14] (build-31) Creating container for image: docker.io/postgres:14
2024-05-13 20:00:29,063 WARN  [tc.doc.io/postgres:14] (build-31) Reuse was requested but the environment does not support the reuse of containers
To enable reuse of containers, you must set 'testcontainers.reuse.enable=true' in a file located at /root/.testcontainers.properties
2024-05-13 20:00:29,066 INFO  [tc.tes.6.0] (build-31) Pulling docker image: testcontainers/ryuk:0.6.0. Please be patient; this may take some time but only needs to be done once.
2024-05-13 20:00:29,066 INFO  [org.tes.uti.RegistryAuthLocator] (build-31) Failure when attempting to lookup auth config. Please ignore if you don't have images in an authenticated registry. Details: (dockerImageName: testcontainers/ryuk:latest, configFile: /root/.docker/config.json, configEnv: DOCKER_AUTH_CONFIG). Falling back to docker-java default behaviour. Exception message: Status 404: No config supplied. Checked in order: /root/.docker/config.json (file not found), DOCKER_AUTH_CONFIG (not set)
2024-05-13 20:00:48,944 INFO  [tc.tes.6.0] (docker-java-stream--623331358) Starting to pull image
2024-05-13 20:00:48,945 INFO  [tc.tes.6.0] (docker-java-stream--623331358) Pulling image layers:  0 pending,  0 downloaded,  0 extracted, (0 bytes/0 bytes)
2024-05-13 20:00:56,319 INFO  [tc.tes.6.0] (docker-java-stream--623331358) Pulling image layers:  2 pending,  1 downloaded,  0 extracted, (3 MB/? MB)
2024-05-13 20:00:56,324 INFO  [tc.tes.6.0] (docker-java-stream--623331358) Pulling image layers:  1 pending,  2 downloaded,  0 extracted, (5 MB/? MB)
2024-05-13 20:00:56,435 INFO  [tc.tes.6.0] (docker-java-stream--623331358) Pulling image layers:  1 pending,  2 downloaded,  1 extracted, (5 MB/? MB)
2024-05-13 20:00:56,469 INFO  [tc.tes.6.0] (docker-java-stream--623331358) Pulling image layers:  0 pending,  3 downloaded,  1 extracted, (5 MB/6 MB)
2024-05-13 20:00:56,556 INFO  [tc.tes.6.0] (docker-java-stream--623331358) Pulling image layers:  0 pending,  3 downloaded,  2 extracted, (5 MB/6 MB)
2024-05-13 20:00:56,609 INFO  [tc.tes.6.0] (docker-java-stream--623331358) Pulling image layers:  0 pending,  3 downloaded,  3 extracted, (6 MB/6 MB)
2024-05-13 20:00:56,631 INFO  [tc.tes.6.0] (docker-java-stream--623331358) Pull complete. 3 layers, pulled in 7s (downloaded 6 MB at 927 KB/s)
2024-05-13 20:00:56,631 INFO  [tc.tes.6.0] (build-31) Image testcontainers/ryuk:0.6.0 pull took PT27.565486302S
2024-05-13 20:00:56,634 INFO  [tc.tes.6.0] (build-31) Creating container for image: testcontainers/ryuk:0.6.0
2024-05-13 20:00:56,720 INFO  [tc.tes.6.0] (build-31) Container testcontainers/ryuk:0.6.0 is starting: b433105ce0a60c50e19ede44d931fc34b19181bda47da3fe9c0aaf275ab8c3c9
2024-05-13 20:00:57,088 INFO  [tc.tes.6.0] (build-31) Container testcontainers/ryuk:0.6.0 started in PT0.454041895S
2024-05-13 20:00:57,131 INFO  [tc.doc.io/postgres:14] (build-31) Container docker.io/postgres:14 is starting: a2152ee20cff4ec7ab866f8fa30a2e12bfb5e7e05aa741886d59bc61b5b3398a
2024-05-13 20:00:58,411 INFO  [tc.doc.io/postgres:14] (build-31) Container docker.io/postgres:14 started in PT29.360830725S
2024-05-13 20:00:58,412 INFO  [tc.doc.io/postgres:14] (build-31) Container is started (JDBC URL: jdbc:postgresql://localhost:32769/quarkus?loggerLevel=OFF)
2024-05-13 20:00:58,412 INFO  [io.qua.dev.pos.dep.PostgresqlDevServicesProcessor] (build-31) Dev Services for PostgreSQL started.
2024-05-13 20:00:58,413 INFO  [io.qua.dat.dep.dev.DevServicesDatasourceProcessor] (build-31) Dev Services for default datasource (postgresql) started - container ID is a2152ee20cff
2024-05-13 20:00:59,821 WARN  [org.hib.eng.jdb.spi.SqlExceptionHelper] (JPA Startup Thread) SQL Warning Code: 0, SQLState: 00000
2024-05-13 20:00:59,821 WARN  [org.hib.eng.jdb.spi.SqlExceptionHelper] (JPA Startup Thread) table "payments" does not exist, skipping
2024-05-13 20:00:59,911 INFO  [io.quarkus] (main) code-with-quarkus 1.0.0-SNAPSHOT on JVM (powered by Quarkus 3.10.0) started in 82.545s. Listening on: http://0.0.0.0:8081
2024-05-13 20:00:59,913 INFO  [io.quarkus] (main) Profile test activated. 
2024-05-13 20:00:59,913 INFO  [io.quarkus] (main) Installed features: [agroal, cdi, hibernate-orm, hibernate-orm-panache, hibernate-validator, jdbc-postgresql, narayana-jta, rest, rest-jackson, rest-jaxb, smallrye-context-propagation, vertx]
]]></system-out>
  </testcase>
</testsuite>